2022-11-06 14:20:11 - [32minfo[39m: [32mApp rodando na porta 3000[39m
2022-11-06 14:20:56 - [32minfo[39m: [32mConectou ao banco de dados[39m
2022-11-06 14:20:56 - [32minfo[39m: [32mApp rodando na porta 3000[39m
2022-11-06 14:21:10 - [32minfo[39m: [32mConectou ao banco de dados[39m
2022-11-06 14:21:10 - [32minfo[39m: [32mApp rodando na porta 3000[39m
2022-11-06 14:21:23 - [32minfo[39m: [32mConectou ao banco de dados[39m
2022-11-06 14:21:23 - [32minfo[39m: [32mApp rodando na porta 3000[39m
2022-11-06 14:21:36 - [32minfo[39m: [32mConectou ao banco de dados[39m
2022-11-06 14:21:36 - [32minfo[39m: [32mApp rodando na porta 3000[39m
2022-11-06 14:21:43 - [32minfo[39m: [32mConectou ao banco de dados[39m
2022-11-06 14:21:43 - [32minfo[39m: [32mApp rodando na porta 3000[39m
2022-11-06 14:21:47 - [31merror[39m: [31mNão foi possível conectar[39m
2022-11-06 14:21:47 - [31merror[39m: [31mErro: MongoParseError: Invalid scheme, expected connection string to start with "mongodb://" or "mongodb+srv://"[39m
2022-11-06 14:21:47 - [32minfo[39m: [32mApp rodando na porta 3000[39m
2022-11-06 14:21:59 - [32minfo[39m: [32mConectou ao banco de dados[39m
2022-11-06 14:21:59 - [32minfo[39m: [32mApp rodando na porta 3000[39m
2022-11-06 14:22:05 - [32minfo[39m: [32mConectou ao banco de dados[39m
2022-11-06 14:22:05 - [32minfo[39m: [32mApp rodando na porta 3000[39m
2022-11-06 14:22:37 - [32minfo[39m: [32mConectou ao banco de dados[39m
2022-11-06 14:22:37 - [32minfo[39m: [32mApp rodando na porta 3000[39m
2022-11-06 14:22:45 - [32minfo[39m: [32mConectou ao banco de dados[39m
2022-11-06 14:22:45 - [32minfo[39m: [32mApp rodando na porta 3000[39m
2022-11-06 14:30:07 - [32minfo[39m: [32mConectou ao banco de dados[39m
2022-11-06 14:30:07 - [32minfo[39m: [32mApp rodando na porta 3000[39m
2022-11-06 14:30:32 - [32minfo[39m: [32mConectou ao banco de dados[39m
2022-11-06 14:30:32 - [32minfo[39m: [32mApp rodando na porta 3000[39m
2022-11-06 14:30:55 - [32minfo[39m: [32mConectou ao banco de dados[39m
2022-11-06 14:30:55 - [32minfo[39m: [32mApp rodando na porta 3000[39m
2022-11-06 14:31:16 - [32minfo[39m: [32mConectou ao banco de dados[39m
2022-11-06 14:31:16 - [32minfo[39m: [32mApp rodando na porta 3000[39m
2022-11-06 14:31:19 - [32minfo[39m: [32mConectou ao banco de dados[39m
2022-11-06 14:31:19 - [32minfo[39m: [32mApp rodando na porta 3000[39m
2022-11-06 14:31:25 - [32minfo[39m: [32mConectou ao banco de dados[39m
2022-11-06 14:31:25 - [32minfo[39m: [32mApp rodando na porta 3000[39m
2022-11-06 14:31:28 - [32minfo[39m: [32mConectou ao banco de dados[39m
2022-11-06 14:31:28 - [32minfo[39m: [32mApp rodando na porta 3000[39m
2022-11-06 14:31:29 - [35mhttp[39m: [35mGET /api/test 200 11 - 3.495 ms[39m
[35m[39m
2022-11-07 13:23:02 - [31merror[39m: [31mNão foi possível conectar ao banco de dados[39m
2022-11-07 13:24:18 - [31merror[39m: [31mNão foi possível conectar ao banco de dados[39m
2022-11-07 13:25:45 - [32minfo[39m: [32mConectou ao banco de dados[39m
2022-11-07 13:25:45 - [32minfo[39m: [32mApp rodando na porta 3000[39m
2022-11-07 13:39:36 - [32minfo[39m: [32mConectou ao banco de dados[39m
2022-11-07 13:39:36 - [32minfo[39m: [32mApp rodando na porta 3000[39m
2022-11-07 13:39:49 - [32minfo[39m: [32mConectou ao banco de dados[39m
2022-11-07 13:39:49 - [32minfo[39m: [32mApp rodando na porta 3000[39m
2022-11-07 13:40:00 - [32minfo[39m: [32mConectou ao banco de dados[39m
2022-11-07 13:40:00 - [32minfo[39m: [32mApp rodando na porta 3000[39m
2022-11-07 13:40:02 - [32minfo[39m: [32mConectou ao banco de dados[39m
2022-11-07 13:40:02 - [32minfo[39m: [32mApp rodando na porta 3000[39m
2022-11-07 13:40:07 - [32minfo[39m: [32mConectou ao banco de dados[39m
2022-11-07 13:40:07 - [32minfo[39m: [32mApp rodando na porta 3000[39m
2022-11-07 13:40:09 - [32minfo[39m: [32mConectou ao banco de dados[39m
2022-11-07 13:40:09 - [32minfo[39m: [32mApp rodando na porta 3000[39m
2022-11-07 13:40:43 - [35mhttp[39m: [35mPOST /api/movie 200 20 - 3.333 ms[39m
[35m[39m
2022-11-07 16:51:56 - [32minfo[39m: [32mConectou ao banco de dados[39m
2022-11-07 16:51:56 - [32minfo[39m: [32mApp rodando na porta 3000[39m
2022-11-07 16:52:03 - [32minfo[39m: [32mConectou ao banco de dados[39m
2022-11-07 16:52:03 - [32minfo[39m: [32mApp rodando na porta 3000[39m
2022-11-07 16:52:07 - [32minfo[39m: [32mConectou ao banco de dados[39m
2022-11-07 16:52:07 - [32minfo[39m: [32mApp rodando na porta 3000[39m
2022-11-07 16:52:11 - [32minfo[39m: [32mConectou ao banco de dados[39m
2022-11-07 16:52:11 - [32minfo[39m: [32mApp rodando na porta 3000[39m
2022-11-07 16:52:18 - [32minfo[39m: [32mConectou ao banco de dados[39m
2022-11-07 16:52:18 - [32minfo[39m: [32mApp rodando na porta 3000[39m
2022-11-07 16:52:21 - [32minfo[39m: [32mConectou ao banco de dados[39m
2022-11-07 16:52:21 - [32minfo[39m: [32mApp rodando na porta 3000[39m
2022-11-07 16:52:23 - [32minfo[39m: [32mConectou ao banco de dados[39m
2022-11-07 16:52:23 - [32minfo[39m: [32mApp rodando na porta 3000[39m
2022-11-07 16:52:29 - [32minfo[39m: [32mConectou ao banco de dados[39m
2022-11-07 16:52:29 - [32minfo[39m: [32mApp rodando na porta 3000[39m
2022-11-07 16:52:34 - [32minfo[39m: [32mConectou ao banco de dados[39m
2022-11-07 16:52:34 - [32minfo[39m: [32mApp rodando na porta 3000[39m
2022-11-07 16:52:36 - [32minfo[39m: [32mConectou ao banco de dados[39m
2022-11-07 16:52:36 - [32minfo[39m: [32mApp rodando na porta 3000[39m
2022-11-07 16:52:42 - [32minfo[39m: [32mConectou ao banco de dados[39m
2022-11-07 16:52:42 - [32minfo[39m: [32mApp rodando na porta 3000[39m
2022-11-07 16:52:44 - [32minfo[39m: [32mConectou ao banco de dados[39m
2022-11-07 16:52:44 - [32minfo[39m: [32mApp rodando na porta 3000[39m
2022-11-07 16:52:55 - [32minfo[39m: [32mConectou ao banco de dados[39m
2022-11-07 16:52:55 - [32minfo[39m: [32mApp rodando na porta 3000[39m
2022-11-07 16:52:58 - [32minfo[39m: [32mConectou ao banco de dados[39m
2022-11-07 16:52:58 - [32minfo[39m: [32mApp rodando na porta 3000[39m
2022-11-07 16:53:09 - [32minfo[39m: [32mConectou ao banco de dados[39m
2022-11-07 16:53:09 - [32minfo[39m: [32mApp rodando na porta 3000[39m
2022-11-07 16:53:54 - [31merror[39m: [31mErro no sistema: user is not allowed to do action [insert] on [test.movies][39m
2022-11-07 16:54:08 - [35mhttp[39m: [35mPOST /api/movie - - - - ms[39m
[35m[39m
2022-11-07 16:55:43 - [32minfo[39m: [32mConectou ao banco de dados[39m
2022-11-07 16:55:43 - [32minfo[39m: [32mApp rodando na porta 3000[39m
2022-11-07 16:55:46 - [31merror[39m: [31mErro no sistema: user is not allowed to do action [insert] on [test.movies][39m
2022-11-07 17:04:10 - [32minfo[39m: [32mConectou ao banco de dados[39m
2022-11-07 17:04:10 - [32minfo[39m: [32mApp rodando na porta 3000[39m
2022-11-07 17:04:15 - [31merror[39m: [31mErro no sistema: user is not allowed to do action [insert] on [test.movies][39m
2022-11-07 17:09:30 - [32minfo[39m: [32mConectou ao banco de dados[39m
2022-11-07 17:09:30 - [32minfo[39m: [32mApp rodando na porta 3000[39m
2022-11-07 17:10:16 - [32minfo[39m: [32mConectou ao banco de dados[39m
2022-11-07 17:10:16 - [32minfo[39m: [32mApp rodando na porta 3000[39m
2022-11-07 17:10:25 - [32minfo[39m: [32mConectou ao banco de dados[39m
2022-11-07 17:10:25 - [32minfo[39m: [32mApp rodando na porta 3000[39m
2022-11-07 17:10:30 - [32minfo[39m: [32mConectou ao banco de dados[39m
2022-11-07 17:10:30 - [32minfo[39m: [32mApp rodando na porta 3000[39m
2022-11-07 17:10:34 - [31merror[39m: [31mErro no sistema: user is not allowed to do action [insert] on [test.movies][39m
2022-11-07 17:13:39 - [31merror[39m: [31mNão foi possível conectar ao banco de dados[39m
2022-11-07 17:13:54 - [32minfo[39m: [32mConectou ao banco de dados[39m
2022-11-07 17:13:54 - [32minfo[39m: [32mApp rodando na porta 3000[39m
2022-11-07 17:13:57 - [31merror[39m: [31mErro no sistema: user is not allowed to do action [insert] on [test.movies][39m
2022-11-07 17:14:13 - [32minfo[39m: [32mConectou ao banco de dados[39m
2022-11-07 17:14:13 - [32minfo[39m: [32mApp rodando na porta 3000[39m
2022-11-07 17:14:15 - [31merror[39m: [31mErro no sistema: user is not allowed to do action [insert] on [test.movies][39m
2022-11-07 17:19:42 - [32minfo[39m: [32mConectou ao banco de dados[39m
2022-11-07 17:19:42 - [32minfo[39m: [32mApp rodando na porta 3000[39m
2022-11-07 17:19:44 - [31merror[39m: [31mErro no sistema: user is not allowed to do action [insert] on [test.movies][39m
2022-11-07 17:21:31 - [32minfo[39m: [32mConectou ao banco de dados[39m
2022-11-07 17:21:31 - [32minfo[39m: [32mApp rodando na porta 3000[39m
2022-11-07 17:21:33 - [31merror[39m: [31mErro no sistema: user is not allowed to do action [insert] on [test.movies][39m
2022-11-07 17:22:11 - [32minfo[39m: [32mConectou ao banco de dados[39m
2022-11-07 17:22:11 - [32minfo[39m: [32mApp rodando na porta 3000[39m
2022-11-07 17:22:20 - [32minfo[39m: [32mConectou ao banco de dados[39m
2022-11-07 17:22:20 - [32minfo[39m: [32mApp rodando na porta 3000[39m
2022-11-07 17:22:23 - [31merror[39m: [31mErro no sistema: user is not allowed to do action [insert] on [movies.movies][39m
2022-11-07 17:24:06 - [31merror[39m: [31mNão foi possível conectar ao banco de dados[39m
2022-11-07 17:24:15 - [32minfo[39m: [32mConectou ao banco de dados[39m
2022-11-07 17:24:16 - [32minfo[39m: [32mApp rodando na porta 3000[39m
2022-11-07 17:24:20 - [31merror[39m: [31mErro no sistema: user is not allowed to do action [insert] on [test.movies][39m
2022-11-07 17:24:26 - [35mhttp[39m: [35mPOST /api/movie - - - - ms[39m
[35m[39m
2022-11-07 17:25:33 - [31merror[39m: [31mErro no sistema: user is not allowed to do action [insert] on [test.movies][39m
2022-11-07 17:29:03 - [31merror[39m: [31mErro no sistema: user is not allowed to do action [insert] on [test.movies][39m
2022-11-07 17:29:04 - [35mhttp[39m: [35mPOST /api/movie - - - - ms[39m
[35m[39m
2022-11-07 17:29:05 - [31merror[39m: [31mErro no sistema: user is not allowed to do action [insert] on [test.movies][39m
2022-11-07 17:29:31 - [35mhttp[39m: [35mPOST /api/movie - - - - ms[39m
[35m[39m
2022-11-07 17:29:32 - [31merror[39m: [31mErro no sistema: user is not allowed to do action [insert] on [test.movies][39m
2022-11-07 17:39:17 - [32minfo[39m: [32mConectou ao banco de dados[39m
2022-11-07 17:39:17 - [32minfo[39m: [32mApp rodando na porta 3000[39m
2022-11-07 17:39:21 - [35mhttp[39m: [35mPOST /api/movie 201 152 - 26.371 ms[39m
[35m[39m
2022-11-07 17:59:06 - [32minfo[39m: [32mConectou ao banco de dados[39m
2022-11-07 17:59:06 - [32minfo[39m: [32mApp rodando na porta 3000[39m
2022-11-07 17:59:14 - [32minfo[39m: [32mConectou ao banco de dados[39m
2022-11-07 17:59:14 - [32minfo[39m: [32mApp rodando na porta 3000[39m
2022-11-07 17:59:41 - [35mhttp[39m: [35mPOST /api/movie 201 147 - 33.959 ms[39m
[35m[39m
2022-11-07 17:59:45 - [35mhttp[39m: [35mPOST /api/movie 201 143 - 6.518 ms[39m
[35m[39m
2022-11-07 18:12:44 - [32minfo[39m: [32mConectou ao banco de dados[39m
2022-11-07 18:12:44 - [32minfo[39m: [32mApp rodando na porta 3000[39m
2022-11-07 18:12:52 - [32minfo[39m: [32mConectou ao banco de dados[39m
2022-11-07 18:12:52 - [32minfo[39m: [32mApp rodando na porta 3000[39m
2022-11-07 18:12:57 - [32minfo[39m: [32mConectou ao banco de dados[39m
2022-11-07 18:12:57 - [32minfo[39m: [32mApp rodando na porta 3000[39m
2022-11-07 18:13:06 - [35mhttp[39m: [35mPOST /api/movie 422 50 - 19.831 ms[39m
[35m[39m
2022-11-07 18:13:31 - [32minfo[39m: [32mConectou ao banco de dados[39m
2022-11-07 18:13:31 - [32minfo[39m: [32mApp rodando na porta 3000[39m
2022-11-07 18:13:35 - [32minfo[39m: [32mConectou ao banco de dados[39m
2022-11-07 18:13:35 - [32minfo[39m: [32mApp rodando na porta 3000[39m
2022-11-07 18:13:44 - [32minfo[39m: [32mConectou ao banco de dados[39m
2022-11-07 18:13:44 - [32minfo[39m: [32mApp rodando na porta 3000[39m
2022-11-07 18:13:50 - [32minfo[39m: [32mConectou ao banco de dados[39m
2022-11-07 18:13:50 - [32minfo[39m: [32mApp rodando na porta 3000[39m
2022-11-07 18:13:53 - [35mhttp[39m: [35mPOST /api/movie 400 1182 - 15.801 ms[39m
[35m[39m
2022-11-07 18:13:58 - [35mhttp[39m: [35mPOST /api/movie 422 70 - 6.673 ms[39m
[35m[39m
2022-11-07 18:14:10 - [32minfo[39m: [32mConectou ao banco de dados[39m
2022-11-07 18:14:10 - [32minfo[39m: [32mApp rodando na porta 3000[39m
2022-11-07 18:14:20 - [32minfo[39m: [32mConectou ao banco de dados[39m
2022-11-07 18:14:20 - [32minfo[39m: [32mApp rodando na porta 3000[39m
2022-11-07 18:14:37 - [32minfo[39m: [32mConectou ao banco de dados[39m
2022-11-07 18:14:37 - [32minfo[39m: [32mApp rodando na porta 3000[39m
2022-11-07 18:14:45 - [32minfo[39m: [32mConectou ao banco de dados[39m
2022-11-07 18:14:45 - [32minfo[39m: [32mApp rodando na porta 3000[39m
2022-11-07 18:14:56 - [32minfo[39m: [32mConectou ao banco de dados[39m
2022-11-07 18:14:56 - [32minfo[39m: [32mApp rodando na porta 3000[39m
2022-11-07 18:14:58 - [32minfo[39m: [32mConectou ao banco de dados[39m
2022-11-07 18:14:58 - [32minfo[39m: [32mApp rodando na porta 3000[39m
2022-11-07 18:15:07 - [32minfo[39m: [32mConectou ao banco de dados[39m
2022-11-07 18:15:07 - [32minfo[39m: [32mApp rodando na porta 3000[39m
2022-11-07 18:15:15 - [32minfo[39m: [32mConectou ao banco de dados[39m
2022-11-07 18:15:15 - [32minfo[39m: [32mApp rodando na porta 3000[39m
2022-11-07 18:15:22 - [35mhttp[39m: [35mPOST /api/movie 422 55 - 20.710 ms[39m
[35m[39m
2022-11-07 18:15:43 - [32minfo[39m: [32mConectou ao banco de dados[39m
2022-11-07 18:15:43 - [32minfo[39m: [32mApp rodando na porta 3000[39m
2022-11-07 18:15:52 - [32minfo[39m: [32mConectou ao banco de dados[39m
2022-11-07 18:15:52 - [32minfo[39m: [32mApp rodando na porta 3000[39m
2022-11-07 18:15:56 - [35mhttp[39m: [35mPOST /api/movie 422 55 - 18.439 ms[39m
[35m[39m
2022-11-07 18:16:29 - [35mhttp[39m: [35mPOST /api/movie 201 164 - 15.904 ms[39m
[35m[39m
2022-11-07 18:16:35 - [35mhttp[39m: [35mPOST /api/movie 422 55 - 1.522 ms[39m
[35m[39m
2022-11-07 18:16:53 - [32minfo[39m: [32mConectou ao banco de dados[39m
2022-11-07 18:16:53 - [32minfo[39m: [32mApp rodando na porta 3000[39m
2022-11-07 18:16:55 - [32minfo[39m: [32mConectou ao banco de dados[39m
2022-11-07 18:16:55 - [32minfo[39m: [32mApp rodando na porta 3000[39m
2022-11-07 18:17:06 - [32minfo[39m: [32mConectou ao banco de dados[39m
2022-11-07 18:17:06 - [32minfo[39m: [32mApp rodando na porta 3000[39m
2022-11-07 18:17:11 - [32minfo[39m: [32mConectou ao banco de dados[39m
2022-11-07 18:17:11 - [32minfo[39m: [32mApp rodando na porta 3000[39m
2022-11-07 18:17:26 - [32minfo[39m: [32mConectou ao banco de dados[39m
2022-11-07 18:17:26 - [32minfo[39m: [32mApp rodando na porta 3000[39m
2022-11-07 18:18:03 - [32minfo[39m: [32mConectou ao banco de dados[39m
2022-11-07 18:18:03 - [32minfo[39m: [32mApp rodando na porta 3000[39m
2022-11-07 18:18:06 - [35mhttp[39m: [35mPOST /api/movie 422 57 - 19.403 ms[39m
[35m[39m
2022-11-07 18:18:18 - [32minfo[39m: [32mConectou ao banco de dados[39m
2022-11-07 18:18:18 - [32minfo[39m: [32mApp rodando na porta 3000[39m
2022-11-07 18:18:20 - [32minfo[39m: [32mConectou ao banco de dados[39m
2022-11-07 18:18:20 - [32minfo[39m: [32mApp rodando na porta 3000[39m
2022-11-07 18:18:22 - [32minfo[39m: [32mConectou ao banco de dados[39m
2022-11-07 18:18:22 - [32minfo[39m: [32mApp rodando na porta 3000[39m
2022-11-07 18:18:34 - [35mhttp[39m: [35mPOST /api/movie 201 164 - 35.933 ms[39m
[35m[39m
2022-11-07 18:18:50 - [32minfo[39m: [32mConectou ao banco de dados[39m
2022-11-07 18:18:50 - [32minfo[39m: [32mApp rodando na porta 3000[39m
2022-11-07 18:18:54 - [32minfo[39m: [32mConectou ao banco de dados[39m
2022-11-07 18:18:54 - [32minfo[39m: [32mApp rodando na porta 3000[39m
2022-11-07 18:18:57 - [32minfo[39m: [32mConectou ao banco de dados[39m
2022-11-07 18:18:57 - [32minfo[39m: [32mApp rodando na porta 3000[39m
2022-11-07 18:19:03 - [32minfo[39m: [32mConectou ao banco de dados[39m
2022-11-07 18:19:03 - [32minfo[39m: [32mApp rodando na porta 3000[39m
2022-11-07 18:19:08 - [32minfo[39m: [32mConectou ao banco de dados[39m
2022-11-07 18:19:08 - [32minfo[39m: [32mApp rodando na porta 3000[39m
2022-11-07 18:19:10 - [32minfo[39m: [32mConectou ao banco de dados[39m
2022-11-07 18:19:10 - [32minfo[39m: [32mApp rodando na porta 3000[39m
2022-11-07 18:19:18 - [32minfo[39m: [32mConectou ao banco de dados[39m
2022-11-07 18:19:18 - [32minfo[39m: [32mApp rodando na porta 3000[39m
2022-11-07 18:19:19 - [32minfo[39m: [32mConectou ao banco de dados[39m
2022-11-07 18:19:19 - [32minfo[39m: [32mApp rodando na porta 3000[39m
2022-11-07 18:19:33 - [35mhttp[39m: [35mPOST /api/movie 422 60 - 20.021 ms[39m
[35m[39m
2022-11-07 18:19:49 - [35mhttp[39m: [35mPOST /api/movie 201 190 - 18.455 ms[39m
[35m[39m
2022-11-07 18:20:23 - [32minfo[39m: [32mConectou ao banco de dados[39m
2022-11-07 18:20:23 - [32minfo[39m: [32mApp rodando na porta 3000[39m
2022-11-07 18:20:25 - [32minfo[39m: [32mConectou ao banco de dados[39m
2022-11-07 18:20:25 - [32minfo[39m: [32mApp rodando na porta 3000[39m
2022-11-07 18:20:36 - [32minfo[39m: [32mConectou ao banco de dados[39m
2022-11-07 18:20:36 - [32minfo[39m: [32mApp rodando na porta 3000[39m
2022-11-07 18:20:42 - [32minfo[39m: [32mConectou ao banco de dados[39m
2022-11-07 18:20:42 - [32minfo[39m: [32mApp rodando na porta 3000[39m
2022-11-07 18:20:45 - [32minfo[39m: [32mConectou ao banco de dados[39m
2022-11-07 18:20:45 - [32minfo[39m: [32mApp rodando na porta 3000[39m
2022-11-07 18:20:45 - [35mhttp[39m: [35mPOST /api/movie 422 61 - 18.130 ms[39m
[35m[39m
2022-11-07 18:20:58 - [35mhttp[39m: [35mPOST /api/movie 201 219 - 20.270 ms[39m
[35m[39m
2022-11-07 18:21:01 - [35mhttp[39m: [35mPOST /api/movie 201 220 - 6.142 ms[39m
[35m[39m
2022-11-07 18:21:13 - [32minfo[39m: [32mConectou ao banco de dados[39m
2022-11-07 18:21:13 - [32minfo[39m: [32mApp rodando na porta 3000[39m
2022-11-07 18:21:16 - [32minfo[39m: [32mConectou ao banco de dados[39m
2022-11-07 18:21:16 - [32minfo[39m: [32mApp rodando na porta 3000[39m
2022-11-07 18:21:18 - [32minfo[39m: [32mConectou ao banco de dados[39m
2022-11-07 18:21:18 - [32minfo[39m: [32mApp rodando na porta 3000[39m
2022-11-07 18:21:23 - [32minfo[39m: [32mConectou ao banco de dados[39m
2022-11-07 18:21:23 - [32minfo[39m: [32mApp rodando na porta 3000[39m
2022-11-07 18:21:33 - [32minfo[39m: [32mConectou ao banco de dados[39m
2022-11-07 18:21:33 - [32minfo[39m: [32mApp rodando na porta 3000[39m
2022-11-07 18:22:54 - [35mhttp[39m: [35mPOST /api/movie 201 466 - 46.814 ms[39m
[35m[39m
2022-11-07 18:25:18 - [32minfo[39m: [32mConectou ao banco de dados[39m
2022-11-07 18:25:18 - [32minfo[39m: [32mApp rodando na porta 3000[39m
2022-11-07 18:25:36 - [32minfo[39m: [32mConectou ao banco de dados[39m
2022-11-07 18:25:36 - [32minfo[39m: [32mApp rodando na porta 3000[39m
2022-11-07 18:25:42 - [32minfo[39m: [32mConectou ao banco de dados[39m
2022-11-07 18:25:42 - [32minfo[39m: [32mApp rodando na porta 3000[39m
2022-11-07 18:25:57 - [32minfo[39m: [32mConectou ao banco de dados[39m
2022-11-07 18:25:57 - [32minfo[39m: [32mApp rodando na porta 3000[39m
2022-11-07 18:26:03 - [32minfo[39m: [32mConectou ao banco de dados[39m
2022-11-07 18:26:03 - [32minfo[39m: [32mApp rodando na porta 3000[39m
2022-11-07 18:26:04 - [32minfo[39m: [32mConectou ao banco de dados[39m
2022-11-07 18:26:04 - [32minfo[39m: [32mApp rodando na porta 3000[39m
2022-11-07 18:26:08 - [32minfo[39m: [32mConectou ao banco de dados[39m
2022-11-07 18:26:08 - [32minfo[39m: [32mApp rodando na porta 3000[39m
2022-11-07 18:26:09 - [32minfo[39m: [32mConectou ao banco de dados[39m
2022-11-07 18:26:09 - [32minfo[39m: [32mApp rodando na porta 3000[39m
2022-11-07 18:26:13 - [32minfo[39m: [32mConectou ao banco de dados[39m
2022-11-07 18:26:13 - [32minfo[39m: [32mApp rodando na porta 3000[39m
2022-11-07 18:26:15 - [32minfo[39m: [32mConectou ao banco de dados[39m
2022-11-07 18:26:15 - [32minfo[39m: [32mApp rodando na porta 3000[39m
2022-11-07 18:26:19 - [32minfo[39m: [32mConectou ao banco de dados[39m
2022-11-07 18:26:19 - [32minfo[39m: [32mApp rodando na porta 3000[39m
2022-11-07 18:26:28 - [32minfo[39m: [32mConectou ao banco de dados[39m
2022-11-07 18:26:28 - [32minfo[39m: [32mApp rodando na porta 3000[39m
2022-11-07 18:26:40 - [32minfo[39m: [32mConectou ao banco de dados[39m
2022-11-07 18:26:40 - [32minfo[39m: [32mApp rodando na porta 3000[39m
2022-11-07 18:26:50 - [32minfo[39m: [32mConectou ao banco de dados[39m
2022-11-07 18:26:50 - [32minfo[39m: [32mApp rodando na porta 3000[39m
2022-11-07 18:26:53 - [32minfo[39m: [32mConectou ao banco de dados[39m
2022-11-07 18:26:53 - [32minfo[39m: [32mApp rodando na porta 3000[39m
2022-11-07 18:26:54 - [32minfo[39m: [32mConectou ao banco de dados[39m
2022-11-07 18:26:54 - [32minfo[39m: [32mApp rodando na porta 3000[39m
2022-11-07 18:26:58 - [32minfo[39m: [32mConectou ao banco de dados[39m
2022-11-07 18:26:58 - [32minfo[39m: [32mApp rodando na porta 3000[39m
2022-11-07 18:27:01 - [32minfo[39m: [32mConectou ao banco de dados[39m
2022-11-07 18:27:01 - [32minfo[39m: [32mApp rodando na porta 3000[39m
2022-11-07 18:27:14 - [32minfo[39m: [32mConectou ao banco de dados[39m
2022-11-07 18:27:14 - [32minfo[39m: [32mApp rodando na porta 3000[39m
2022-11-07 18:27:17 - [32minfo[39m: [32mConectou ao banco de dados[39m
2022-11-07 18:27:17 - [32minfo[39m: [32mApp rodando na porta 3000[39m
2022-11-07 18:27:18 - [32minfo[39m: [32mConectou ao banco de dados[39m
2022-11-07 18:27:18 - [32minfo[39m: [32mApp rodando na porta 3000[39m
2022-11-07 18:27:27 - [32minfo[39m: [32mConectou ao banco de dados[39m
2022-11-07 18:27:27 - [32minfo[39m: [32mApp rodando na porta 3000[39m
2022-11-07 18:27:35 - [32minfo[39m: [32mConectou ao banco de dados[39m
2022-11-07 18:27:35 - [32minfo[39m: [32mApp rodando na porta 3000[39m
2022-11-07 18:27:43 - [32minfo[39m: [32mConectou ao banco de dados[39m
2022-11-07 18:27:43 - [32minfo[39m: [32mApp rodando na porta 3000[39m
2022-11-07 18:27:46 - [32minfo[39m: [32mConectou ao banco de dados[39m
2022-11-07 18:27:46 - [32minfo[39m: [32mApp rodando na porta 3000[39m
2022-11-07 18:27:49 - [32minfo[39m: [32mConectou ao banco de dados[39m
2022-11-07 18:27:49 - [32minfo[39m: [32mApp rodando na porta 3000[39m
2022-11-07 18:28:44 - [31merror[39m: [31mErro no sistema: Cast to ObjectId failed for value "{ id: '6369772e5d216f5a7a33c28e' }" (type Object) at path "_id" for model "Movie"[39m
2022-11-07 18:29:14 - [35mhttp[39m: [35mGET /api/movie/6369772e5d216f5a7a33c28e - - - - ms[39m
[35m[39m
2022-11-07 18:29:43 - [32minfo[39m: [32mConectou ao banco de dados[39m
2022-11-07 18:29:43 - [32minfo[39m: [32mApp rodando na porta 3000[39m
2022-11-07 18:29:48 - [32minfo[39m: [32mConectou ao banco de dados[39m
2022-11-07 18:29:48 - [32minfo[39m: [32mApp rodando na porta 3000[39m
2022-11-07 18:29:50 - [31merror[39m: [31mErro no sistema: Cast to ObjectId failed for value "{ id: '6369772e5d216f5a7a33c28e' }" (type Object) at path "_id" for model "Movie"[39m
2022-11-07 18:30:14 - [32minfo[39m: [32mConectou ao banco de dados[39m
2022-11-07 18:30:14 - [32minfo[39m: [32mApp rodando na porta 3000[39m
2022-11-07 18:30:17 - [31merror[39m: [31mErro no sistema: Cast to ObjectId failed for value "{ id: '6369772e5d216f5a7a33c28e' }" (type Object) at path "_id" for model "Movie"[39m
2022-11-07 18:30:37 - [32minfo[39m: [32mConectou ao banco de dados[39m
2022-11-07 18:30:37 - [32minfo[39m: [32mApp rodando na porta 3000[39m
2022-11-07 18:30:44 - [32minfo[39m: [32mConectou ao banco de dados[39m
2022-11-07 18:30:44 - [32minfo[39m: [32mApp rodando na porta 3000[39m
2022-11-07 18:30:46 - [32minfo[39m: [32mConectou ao banco de dados[39m
2022-11-07 18:30:46 - [32minfo[39m: [32mApp rodando na porta 3000[39m
2022-11-07 18:30:51 - [32minfo[39m: [32mConectou ao banco de dados[39m
2022-11-07 18:30:51 - [32minfo[39m: [32mApp rodando na porta 3000[39m
2022-11-07 18:30:53 - [35mhttp[39m: [35mGET /api/movie/6369772e5d216f5a7a33c28e 200 466 - 15.481 ms[39m
[35m[39m
2022-11-07 18:30:59 - [32minfo[39m: [32mConectou ao banco de dados[39m
2022-11-07 18:30:59 - [32minfo[39m: [32mApp rodando na porta 3000[39m
2022-11-07 18:31:54 - [32minfo[39m: [32mConectou ao banco de dados[39m
2022-11-07 18:31:54 - [32minfo[39m: [32mApp rodando na porta 3000[39m
2022-11-07 18:32:07 - [32minfo[39m: [32mConectou ao banco de dados[39m
2022-11-07 18:32:07 - [32minfo[39m: [32mApp rodando na porta 3000[39m
2022-11-07 18:32:20 - [32minfo[39m: [32mConectou ao banco de dados[39m
2022-11-07 18:32:20 - [32minfo[39m: [32mApp rodando na porta 3000[39m
2022-11-07 18:32:22 - [32minfo[39m: [32mConectou ao banco de dados[39m
2022-11-07 18:32:22 - [32minfo[39m: [32mApp rodando na porta 3000[39m
2022-11-07 18:32:26 - [32minfo[39m: [32mConectou ao banco de dados[39m
2022-11-07 18:32:26 - [32minfo[39m: [32mApp rodando na porta 3000[39m
2022-11-07 18:32:33 - [32minfo[39m: [32mConectou ao banco de dados[39m
2022-11-07 18:32:33 - [32minfo[39m: [32mApp rodando na porta 3000[39m
2022-11-07 18:32:35 - [32minfo[39m: [32mConectou ao banco de dados[39m
2022-11-07 18:32:35 - [32minfo[39m: [32mApp rodando na porta 3000[39m
2022-11-07 18:32:38 - [32minfo[39m: [32mConectou ao banco de dados[39m
2022-11-07 18:32:38 - [32minfo[39m: [32mApp rodando na porta 3000[39m
2022-11-07 18:32:47 - [32minfo[39m: [32mConectou ao banco de dados[39m
2022-11-07 18:32:47 - [32minfo[39m: [32mApp rodando na porta 3000[39m
2022-11-07 18:32:49 - [32minfo[39m: [32mConectou ao banco de dados[39m
2022-11-07 18:32:49 - [32minfo[39m: [32mApp rodando na porta 3000[39m
2022-11-07 18:32:51 - [32minfo[39m: [32mConectou ao banco de dados[39m
2022-11-07 18:32:51 - [32minfo[39m: [32mApp rodando na porta 3000[39m
2022-11-07 18:32:56 - [32minfo[39m: [32mConectou ao banco de dados[39m
2022-11-07 18:32:56 - [32minfo[39m: [32mApp rodando na porta 3000[39m
2022-11-07 18:33:00 - [32minfo[39m: [32mConectou ao banco de dados[39m
2022-11-07 18:33:00 - [32minfo[39m: [32mApp rodando na porta 3000[39m
2022-11-07 18:33:11 - [32minfo[39m: [32mConectou ao banco de dados[39m
2022-11-07 18:33:11 - [32minfo[39m: [32mApp rodando na porta 3000[39m
2022-11-07 18:33:13 - [32minfo[39m: [32mConectou ao banco de dados[39m
2022-11-07 18:33:13 - [32minfo[39m: [32mApp rodando na porta 3000[39m
2022-11-07 18:33:19 - [32minfo[39m: [32mConectou ao banco de dados[39m
2022-11-07 18:33:19 - [32minfo[39m: [32mApp rodando na porta 3000[39m
2022-11-07 18:33:24 - [32minfo[39m: [32mConectou ao banco de dados[39m
2022-11-07 18:33:24 - [32minfo[39m: [32mApp rodando na porta 3000[39m
2022-11-07 18:33:45 - [32minfo[39m: [32mConectou ao banco de dados[39m
2022-11-07 18:33:45 - [32minfo[39m: [32mApp rodando na porta 3000[39m
2022-11-07 18:33:47 - [32minfo[39m: [32mConectou ao banco de dados[39m
2022-11-07 18:33:47 - [32minfo[39m: [32mApp rodando na porta 3000[39m
2022-11-07 18:33:59 - [32minfo[39m: [32mConectou ao banco de dados[39m
2022-11-07 18:33:59 - [32minfo[39m: [32mApp rodando na porta 3000[39m
2022-11-07 18:34:12 - [32minfo[39m: [32mConectou ao banco de dados[39m
2022-11-07 18:34:12 - [32minfo[39m: [32mApp rodando na porta 3000[39m
2022-11-07 18:34:34 - [35mhttp[39m: [35mGET /api/movie 200 1731 - 17.807 ms[39m
[35m[39m
2022-11-07 18:34:49 - [35mhttp[39m: [35mGET /api/test 200 11 - 0.854 ms[39m
[35m[39m
2022-11-07 18:34:51 - [35mhttp[39m: [35mGET /api/movie 200 1731 - 6.307 ms[39m
[35m[39m
2022-11-07 19:16:48 - [32minfo[39m: [32mConectou ao banco de dados[39m
2022-11-07 19:16:48 - [32minfo[39m: [32mApp rodando na porta 3000[39m
2022-11-07 19:17:10 - [32minfo[39m: [32mConectou ao banco de dados[39m
2022-11-07 19:17:10 - [32minfo[39m: [32mApp rodando na porta 3000[39m
2022-11-07 19:17:15 - [32minfo[39m: [32mConectou ao banco de dados[39m
2022-11-07 19:17:15 - [32minfo[39m: [32mApp rodando na porta 3000[39m
2022-11-07 19:17:17 - [32minfo[39m: [32mConectou ao banco de dados[39m
2022-11-07 19:17:17 - [32minfo[39m: [32mApp rodando na porta 3000[39m
2022-11-07 19:17:32 - [32minfo[39m: [32mConectou ao banco de dados[39m
2022-11-07 19:17:32 - [32minfo[39m: [32mApp rodando na porta 3000[39m
2022-11-07 19:17:42 - [32minfo[39m: [32mConectou ao banco de dados[39m
2022-11-07 19:17:42 - [32minfo[39m: [32mApp rodando na porta 3000[39m
2022-11-07 19:17:43 - [32minfo[39m: [32mConectou ao banco de dados[39m
2022-11-07 19:17:43 - [32minfo[39m: [32mApp rodando na porta 3000[39m
2022-11-07 19:17:50 - [32minfo[39m: [32mConectou ao banco de dados[39m
2022-11-07 19:17:50 - [32minfo[39m: [32mApp rodando na porta 3000[39m
2022-11-07 19:17:52 - [32minfo[39m: [32mConectou ao banco de dados[39m
2022-11-07 19:17:52 - [32minfo[39m: [32mApp rodando na porta 3000[39m
2022-11-07 19:17:59 - [32minfo[39m: [32mConectou ao banco de dados[39m
2022-11-07 19:17:59 - [32minfo[39m: [32mApp rodando na porta 3000[39m
2022-11-07 19:18:33 - [32minfo[39m: [32mConectou ao banco de dados[39m
2022-11-07 19:18:33 - [32minfo[39m: [32mApp rodando na porta 3000[39m
2022-11-07 19:18:35 - [32minfo[39m: [32mConectou ao banco de dados[39m
2022-11-07 19:18:35 - [32minfo[39m: [32mApp rodando na porta 3000[39m
2022-11-07 19:18:39 - [32minfo[39m: [32mConectou ao banco de dados[39m
2022-11-07 19:18:39 - [32minfo[39m: [32mApp rodando na porta 3000[39m
2022-11-07 19:18:45 - [32minfo[39m: [32mConectou ao banco de dados[39m
2022-11-07 19:18:45 - [32minfo[39m: [32mApp rodando na porta 3000[39m
2022-11-07 19:18:58 - [32minfo[39m: [32mConectou ao banco de dados[39m
2022-11-07 19:18:58 - [32minfo[39m: [32mApp rodando na porta 3000[39m
2022-11-07 19:19:05 - [32minfo[39m: [32mConectou ao banco de dados[39m
2022-11-07 19:19:05 - [32minfo[39m: [32mApp rodando na porta 3000[39m
2022-11-07 19:19:19 - [32minfo[39m: [32mConectou ao banco de dados[39m
2022-11-07 19:19:19 - [32minfo[39m: [32mApp rodando na porta 3000[39m
2022-11-07 19:19:21 - [32minfo[39m: [32mConectou ao banco de dados[39m
2022-11-07 19:19:21 - [32minfo[39m: [32mApp rodando na porta 3000[39m
2022-11-07 19:19:31 - [32minfo[39m: [32mConectou ao banco de dados[39m
2022-11-07 19:19:31 - [32minfo[39m: [32mApp rodando na porta 3000[39m
2022-11-07 19:19:34 - [32minfo[39m: [32mConectou ao banco de dados[39m
2022-11-07 19:19:34 - [32minfo[39m: [32mApp rodando na porta 3000[39m
2022-11-07 19:19:36 - [32minfo[39m: [32mConectou ao banco de dados[39m
2022-11-07 19:19:36 - [32minfo[39m: [32mApp rodando na porta 3000[39m
2022-11-07 19:19:41 - [32minfo[39m: [32mConectou ao banco de dados[39m
2022-11-07 19:19:41 - [32minfo[39m: [32mApp rodando na porta 3000[39m
2022-11-07 19:19:51 - [32minfo[39m: [32mConectou ao banco de dados[39m
2022-11-07 19:19:51 - [32minfo[39m: [32mApp rodando na porta 3000[39m
2022-11-07 19:19:56 - [32minfo[39m: [32mConectou ao banco de dados[39m
2022-11-07 19:19:56 - [32minfo[39m: [32mApp rodando na porta 3000[39m
2022-11-07 19:20:04 - [32minfo[39m: [32mConectou ao banco de dados[39m
2022-11-07 19:20:04 - [32minfo[39m: [32mApp rodando na porta 3000[39m
2022-11-07 19:20:09 - [32minfo[39m: [32mConectou ao banco de dados[39m
2022-11-07 19:20:09 - [32minfo[39m: [32mApp rodando na porta 3000[39m
2022-11-07 19:20:12 - [35mhttp[39m: [35mGET /api/movie/6369772e5d216f5a7a33c28e 200 466 - 14.617 ms[39m
[35m[39m
2022-11-07 19:20:25 - [32minfo[39m: [32mConectou ao banco de dados[39m
2022-11-07 19:20:25 - [32minfo[39m: [32mApp rodando na porta 3000[39m
2022-11-07 19:20:29 - [32minfo[39m: [32mConectou ao banco de dados[39m
2022-11-07 19:20:29 - [32minfo[39m: [32mApp rodando na porta 3000[39m
2022-11-07 19:20:33 - [32minfo[39m: [32mConectou ao banco de dados[39m
2022-11-07 19:20:34 - [32minfo[39m: [32mApp rodando na porta 3000[39m
2022-11-07 19:20:45 - [32minfo[39m: [32mConectou ao banco de dados[39m
2022-11-07 19:20:45 - [32minfo[39m: [32mApp rodando na porta 3000[39m
2022-11-07 19:20:48 - [32minfo[39m: [32mConectou ao banco de dados[39m
2022-11-07 19:20:48 - [32minfo[39m: [32mApp rodando na porta 3000[39m
2022-11-07 19:20:51 - [32minfo[39m: [32mConectou ao banco de dados[39m
2022-11-07 19:20:51 - [32minfo[39m: [32mApp rodando na porta 3000[39m
2022-11-07 19:20:53 - [32minfo[39m: [32mConectou ao banco de dados[39m
2022-11-07 19:20:53 - [32minfo[39m: [32mApp rodando na porta 3000[39m
2022-11-07 19:20:57 - [32minfo[39m: [32mConectou ao banco de dados[39m
2022-11-07 19:20:57 - [32minfo[39m: [32mApp rodando na porta 3000[39m
2022-11-07 19:21:00 - [32minfo[39m: [32mConectou ao banco de dados[39m
2022-11-07 19:21:00 - [32minfo[39m: [32mApp rodando na porta 3000[39m
2022-11-07 19:21:04 - [32minfo[39m: [32mConectou ao banco de dados[39m
2022-11-07 19:21:04 - [32minfo[39m: [32mApp rodando na porta 3000[39m
2022-11-07 19:21:11 - [32minfo[39m: [32mConectou ao banco de dados[39m
2022-11-07 19:21:11 - [32minfo[39m: [32mApp rodando na porta 3000[39m
2022-11-07 19:21:23 - [32minfo[39m: [32mConectou ao banco de dados[39m
2022-11-07 19:21:23 - [32minfo[39m: [32mApp rodando na porta 3000[39m
2022-11-07 19:21:28 - [32minfo[39m: [32mConectou ao banco de dados[39m
2022-11-07 19:21:28 - [32minfo[39m: [32mApp rodando na porta 3000[39m
2022-11-07 19:21:35 - [32minfo[39m: [32mConectou ao banco de dados[39m
2022-11-07 19:21:35 - [32minfo[39m: [32mApp rodando na porta 3000[39m
2022-11-07 19:22:23 - [35mhttp[39m: [35mDELETE /api/movie/636971bd872d0cedc440150d - - - - ms[39m
[35m[39m
2022-11-07 19:22:39 - [32minfo[39m: [32mConectou ao banco de dados[39m
2022-11-07 19:22:39 - [32minfo[39m: [32mApp rodando na porta 3000[39m
2022-11-07 19:22:41 - [32minfo[39m: [32mConectou ao banco de dados[39m
2022-11-07 19:22:41 - [32minfo[39m: [32mApp rodando na porta 3000[39m
2022-11-07 19:22:55 - [32minfo[39m: [32mConectou ao banco de dados[39m
2022-11-07 19:22:55 - [32minfo[39m: [32mApp rodando na porta 3000[39m
2022-11-07 19:23:05 - [32minfo[39m: [32mConectou ao banco de dados[39m
2022-11-07 19:23:05 - [32minfo[39m: [32mApp rodando na porta 3000[39m
2022-11-07 19:23:10 - [32minfo[39m: [32mConectou ao banco de dados[39m
2022-11-07 19:23:10 - [32minfo[39m: [32mApp rodando na porta 3000[39m
2022-11-07 19:23:15 - [32minfo[39m: [32mConectou ao banco de dados[39m
2022-11-07 19:23:15 - [32minfo[39m: [32mApp rodando na porta 3000[39m
2022-11-07 19:23:19 - [32minfo[39m: [32mConectou ao banco de dados[39m
2022-11-07 19:23:19 - [32minfo[39m: [32mApp rodando na porta 3000[39m
2022-11-07 19:23:21 - [35mhttp[39m: [35mDELETE /api/movie/636971bd872d0cedc440150d 200 36 - 19.920 ms[39m
[35m[39m
2022-11-07 19:29:12 - [32minfo[39m: [32mConectou ao banco de dados[39m
2022-11-07 19:29:12 - [32minfo[39m: [32mApp rodando na porta 3000[39m
2022-11-07 19:29:29 - [32minfo[39m: [32mConectou ao banco de dados[39m
2022-11-07 19:29:29 - [32minfo[39m: [32mApp rodando na porta 3000[39m
2022-11-07 19:29:38 - [32minfo[39m: [32mConectou ao banco de dados[39m
2022-11-07 19:29:38 - [32minfo[39m: [32mApp rodando na porta 3000[39m
2022-11-07 19:29:51 - [32minfo[39m: [32mConectou ao banco de dados[39m
2022-11-07 19:29:51 - [32minfo[39m: [32mApp rodando na porta 3000[39m
2022-11-07 19:29:58 - [32minfo[39m: [32mConectou ao banco de dados[39m
2022-11-07 19:29:58 - [32minfo[39m: [32mApp rodando na porta 3000[39m
2022-11-07 19:30:20 - [32minfo[39m: [32mConectou ao banco de dados[39m
2022-11-07 19:30:20 - [32minfo[39m: [32mApp rodando na porta 3000[39m
2022-11-07 19:30:22 - [32minfo[39m: [32mConectou ao banco de dados[39m
2022-11-07 19:30:22 - [32minfo[39m: [32mApp rodando na porta 3000[39m
2022-11-07 19:30:26 - [32minfo[39m: [32mConectou ao banco de dados[39m
2022-11-07 19:30:26 - [32minfo[39m: [32mApp rodando na porta 3000[39m
2022-11-07 19:30:39 - [32minfo[39m: [32mConectou ao banco de dados[39m
2022-11-07 19:30:39 - [32minfo[39m: [32mApp rodando na porta 3000[39m
2022-11-07 19:30:41 - [32minfo[39m: [32mConectou ao banco de dados[39m
2022-11-07 19:30:41 - [32minfo[39m: [32mApp rodando na porta 3000[39m
2022-11-07 19:30:45 - [32minfo[39m: [32mConectou ao banco de dados[39m
2022-11-07 19:30:45 - [32minfo[39m: [32mApp rodando na porta 3000[39m
2022-11-07 19:30:56 - [32minfo[39m: [32mConectou ao banco de dados[39m
2022-11-07 19:30:56 - [32minfo[39m: [32mApp rodando na porta 3000[39m
2022-11-07 19:31:01 - [32minfo[39m: [32mConectou ao banco de dados[39m
2022-11-07 19:31:01 - [32minfo[39m: [32mApp rodando na porta 3000[39m
2022-11-07 19:31:05 - [32minfo[39m: [32mConectou ao banco de dados[39m
2022-11-07 19:31:05 - [32minfo[39m: [32mApp rodando na porta 3000[39m
2022-11-07 19:31:10 - [32minfo[39m: [32mConectou ao banco de dados[39m
2022-11-07 19:31:10 - [32minfo[39m: [32mApp rodando na porta 3000[39m
2022-11-07 19:31:27 - [32minfo[39m: [32mConectou ao banco de dados[39m
2022-11-07 19:31:27 - [32minfo[39m: [32mApp rodando na porta 3000[39m
2022-11-07 19:31:29 - [32minfo[39m: [32mConectou ao banco de dados[39m
2022-11-07 19:31:29 - [32minfo[39m: [32mApp rodando na porta 3000[39m
2022-11-07 19:31:33 - [32minfo[39m: [32mConectou ao banco de dados[39m
2022-11-07 19:31:33 - [32minfo[39m: [32mApp rodando na porta 3000[39m
2022-11-07 19:31:37 - [32minfo[39m: [32mConectou ao banco de dados[39m
2022-11-07 19:31:37 - [32minfo[39m: [32mApp rodando na porta 3000[39m
2022-11-07 19:31:40 - [32minfo[39m: [32mConectou ao banco de dados[39m
2022-11-07 19:31:40 - [32minfo[39m: [32mApp rodando na porta 3000[39m
2022-11-07 19:31:43 - [32minfo[39m: [32mConectou ao banco de dados[39m
2022-11-07 19:31:43 - [32minfo[39m: [32mApp rodando na porta 3000[39m
2022-11-07 19:31:44 - [32minfo[39m: [32mConectou ao banco de dados[39m
2022-11-07 19:31:44 - [32minfo[39m: [32mApp rodando na porta 3000[39m
2022-11-07 19:31:54 - [32minfo[39m: [32mConectou ao banco de dados[39m
2022-11-07 19:31:54 - [32minfo[39m: [32mApp rodando na porta 3000[39m
2022-11-07 19:32:02 - [32minfo[39m: [32mConectou ao banco de dados[39m
2022-11-07 19:32:02 - [32minfo[39m: [32mApp rodando na porta 3000[39m
2022-11-07 19:32:10 - [32minfo[39m: [32mConectou ao banco de dados[39m
2022-11-07 19:32:10 - [32minfo[39m: [32mApp rodando na porta 3000[39m
2022-11-07 19:33:19 - [35mhttp[39m: [35mPATCH /api/movie/6369772e5d216f5a7a33c28e 200 349 - 62.696 ms[39m
[35m[39m
2022-11-07 19:34:38 - [32minfo[39m: [32mConectou ao banco de dados[39m
2022-11-07 19:34:38 - [32minfo[39m: [32mApp rodando na porta 3000[39m
2022-11-07 19:34:45 - [35mhttp[39m: [35mPATCH /api/movie/6369772e5d216f5a7a33c28e 422 108 - 24.148 ms[39m
[35m[39m
2022-11-07 19:34:48 - [35mhttp[39m: [35mPATCH /api/movie/6369772e5d216f5a7a33c28e 200 349 - 25.537 ms[39m
[35m[39m
